#
# There is insufficient memory for the Java Runtime Environment to continue.
# Native memory allocation (malloc) failed to allocate 1507216 bytes. Error detail: Chunk::new
# Possible reasons:
#   The system is out of physical RAM or swap space
#   This process is running with CompressedOops enabled, and the Java Heap may be blocking the growth of the native heap
# Possible solutions:
#   Reduce memory load on the system
#   Increase physical memory or swap space
#   Check if swap backing store is full
#   Decrease Java heap size (-Xmx/-Xms)
#   Decrease number of Java threads
#   Decrease Java thread stack sizes (-Xss)
#   Set larger code cache with -XX:ReservedCodeCacheSize=
#   JVM is running with Unscaled Compressed Oops mode in which the Java heap is
#     placed in the first 4GB address space. The Java Heap base address is the
#     maximum limit for the native heap growth. Please use -XX:HeapBaseMinAddress
#     to set the Java Heap base and to place the Java Heap above 4GB virtual address.
# This output file may be truncated or incomplete.
#
#  Out of Memory Error (arena.cpp:168), pid=2764, tid=23100
#
# JRE version: OpenJDK Runtime Environment Temurin-21.0.6+7 (21.0.6+7) (build 21.0.6+7-LTS)
# Java VM: OpenJDK 64-Bit Server VM Temurin-21.0.6+7 (21.0.6+7-LTS, mixed mode, sharing, tiered, compressed oops, compressed class ptrs, parallel gc, windows-amd64)
# No core dump will be written. Minidumps are not enabled by default on client versions of Windows
#

---------------  S U M M A R Y ------------

Command Line: --add-modules=ALL-SYSTEM --add-opens=java.base/java.util=ALL-UNNAMED --add-opens=java.base/java.lang=ALL-UNNAMED --add-opens=java.base/sun.nio.fs=ALL-UNNAMED -Declipse.application=org.eclipse.jdt.ls.core.id1 -Dosgi.bundles.defaultStartLevel=4 -Declipse.product=org.eclipse.jdt.ls.core.product -Djava.import.generatesMetadataFilesAtProjectRoot=false -DDetectVMInstallationsJob.disabled=true -Dfile.encoding=utf8 -XX:+UseParallelGC -XX:GCTimeRatio=4 -XX:AdaptiveSizePolicyWeight=90 -Dsun.zip.disableMemoryMapping=true -Xmx1G -Xms100m -Xlog:disable -javaagent:c:\Users\mariam\.vscode\extensions\redhat.java-1.40.0-win32-x64\lombok\lombok-1.18.36.jar -XX:+HeapDumpOnOutOfMemoryError -XX:HeapDumpPath=c:\Users\mariam\AppData\Roaming\Code\User\workspaceStorage\be01a7a935b460f74aff7d5ae9d124ac\redhat.java -Daether.dependencyCollector.impl=bf c:\Users\mariam\.vscode\extensions\redhat.java-1.40.0-win32-x64\server\plugins\org.eclipse.equinox.launcher_1.6.1000.v20250131-0606.jar -configuration c:\Users\mariam\AppData\Roaming\Code\User\globalStorage\redhat.java\1.40.0\config_win -data c:\Users\mariam\AppData\Roaming\Code\User\workspaceStorage\be01a7a935b460f74aff7d5ae9d124ac\redhat.java\jdt_ws --pipe=\\.\pipe\lsp-b638471dee04b3e6277536f0c58cbbb2-sock

Host: 11th Gen Intel(R) Core(TM) i7-11370H @ 3.30GHz, 8 cores, 15G,  Windows 11 , 64 bit Build 26100 (10.0.26100.3037)
Time: Sun Mar  9 13:20:48 2025 Egypt Standard Time elapsed time: 45.870806 seconds (0d 0h 0m 45s)

---------------  T H R E A D  ---------------

Current thread (0x0000022c09a399d0):  JavaThread "C2 CompilerThread1" daemon [_thread_in_native, id=23100, stack(0x000000abd8900000,0x000000abd8a00000) (1024K)]


Current CompileTask:
C2:45871 9870       4       org.eclipse.jdt.internal.compiler.parser.Parser::consumeRule (7755 bytes)

Stack: [0x000000abd8900000,0x000000abd8a00000]
Native frames: (J=compiled Java code, j=interpreted, Vv=VM code, C=native code)
V  [jvm.dll+0x6cdee9]
V  [jvm.dll+0x8a83d1]
V  [jvm.dll+0x8aa8fe]
V  [jvm.dll+0x8aafe3]
V  [jvm.dll+0x27f706]
V  [jvm.dll+0xc500d]
V  [jvm.dll+0xc5543]
V  [jvm.dll+0x3b6752]
V  [jvm.dll+0x382935]
V  [jvm.dll+0x381d9a]
V  [jvm.dll+0x2479f0]
V  [jvm.dll+0x246fcf]
V  [jvm.dll+0x1c75ee]
V  [jvm.dll+0x25685a]
V  [jvm.dll+0x254dfa]
V  [jvm.dll+0x3f0256]
V  [jvm.dll+0x851f8b]
V  [jvm.dll+0x6cc5ed]
C  [ucrtbase.dll+0x37b0]
C  [KERNEL32.DLL+0x2e8d7]
C  [ntdll.dll+0xbbf2c]


---------------  P R O C E S S  ---------------

Threads class SMR info:
_java_thread_list=0x0000022c0c48a190, length=54, elements={
0x0000022bad38d120, 0x0000022bc1fb0110, 0x0000022bc1fb0d60, 0x0000022bc1fb3cc0,
0x0000022bc1fb8340, 0x0000022bc1fba9b0, 0x0000022bc1fbcc30, 0x0000022bc1fbff50,
0x0000022bc1fe66d0, 0x0000022c04a36180, 0x0000022c04c9d9a0, 0x0000022c04d7cef0,
0x0000022c097c3b50, 0x0000022c04d01a80, 0x0000022c04d02530, 0x0000022c098cc6e0,
0x0000022c09d7fe10, 0x0000022c09f0fb60, 0x0000022c09f122c0, 0x0000022c09f12fe0,
0x0000022c09f10f10, 0x0000022c09f101f0, 0x0000022c09f12950, 0x0000022c09f10880,
0x0000022c09f11c30, 0x0000022c0b40daa0, 0x0000022c0b40e130, 0x0000022c0b40b340,
0x0000022c0b40d410, 0x0000022c0b40acb0, 0x0000022c0b40e7c0, 0x0000022c0b40ee50,
0x0000022c0b40b9d0, 0x0000022c0b40f4e0, 0x0000022c0b40c060, 0x0000022c0b40c6f0,
0x0000022c0b410200, 0x0000022c0b4115b0, 0x0000022c0b4122d0, 0x0000022c0b410890,
0x0000022c0964cd80, 0x0000022c0964daa0, 0x0000022c0964e130, 0x0000022c0964e7c0,
0x0000022c0964f4e0, 0x0000022c09650890, 0x0000022c09650f20, 0x0000022c09651c40,
0x0000022c09652960, 0x0000022c096515b0, 0x0000022c09652ff0, 0x0000022c096522d0,
0x0000022c09a399d0, 0x0000022c0d048070
}

Java Threads: ( => current thread )
  0x0000022bad38d120 JavaThread "main"                              [_thread_blocked, id=17624, stack(0x000000abd5500000,0x000000abd5600000) (1024K)]
  0x0000022bc1fb0110 JavaThread "Reference Handler"          daemon [_thread_blocked, id=18564, stack(0x000000abd5900000,0x000000abd5a00000) (1024K)]
  0x0000022bc1fb0d60 JavaThread "Finalizer"                  daemon [_thread_blocked, id=17144, stack(0x000000abd5a00000,0x000000abd5b00000) (1024K)]
  0x0000022bc1fb3cc0 JavaThread "Signal Dispatcher"          daemon [_thread_blocked, id=17348, stack(0x000000abd5b00000,0x000000abd5c00000) (1024K)]
  0x0000022bc1fb8340 JavaThread "Attach Listener"            daemon [_thread_blocked, id=20196, stack(0x000000abd5c00000,0x000000abd5d00000) (1024K)]
  0x0000022bc1fba9b0 JavaThread "Service Thread"             daemon [_thread_blocked, id=21884, stack(0x000000abd5d00000,0x000000abd5e00000) (1024K)]
  0x0000022bc1fbcc30 JavaThread "Monitor Deflation Thread"   daemon [_thread_blocked, id=24132, stack(0x000000abd5e00000,0x000000abd5f00000) (1024K)]
  0x0000022bc1fbff50 JavaThread "C2 CompilerThread0"         daemon [_thread_in_native, id=22148, stack(0x000000abd5f00000,0x000000abd6000000) (1024K)]
  0x0000022bc1fe66d0 JavaThread "C1 CompilerThread0"         daemon [_thread_in_native, id=13548, stack(0x000000abd6000000,0x000000abd6100000) (1024K)]
  0x0000022c04a36180 JavaThread "Common-Cleaner"             daemon [_thread_blocked, id=11248, stack(0x000000abd6100000,0x000000abd6200000) (1024K)]
  0x0000022c04c9d9a0 JavaThread "Notification Thread"        daemon [_thread_blocked, id=23216, stack(0x000000abd6200000,0x000000abd6300000) (1024K)]
  0x0000022c04d7cef0 JavaThread "Active Thread: Equinox Container: 5b2a9d3e-b91e-41cf-8798-15404c7ca945"        [_thread_blocked, id=21668, stack(0x000000abd6b00000,0x000000abd6c00000) (1024K)]
  0x0000022c097c3b50 JavaThread "Refresh Thread: Equinox Container: 5b2a9d3e-b91e-41cf-8798-15404c7ca945" daemon [_thread_blocked, id=26520, stack(0x000000abd6c00000,0x000000abd6d00000) (1024K)]
  0x0000022c04d01a80 JavaThread "Framework Event Dispatcher: Equinox Container: 5b2a9d3e-b91e-41cf-8798-15404c7ca945" daemon [_thread_blocked, id=6248, stack(0x000000abd6300000,0x000000abd6400000) (1024K)]
  0x0000022c04d02530 JavaThread "Start Level: Equinox Container: 5b2a9d3e-b91e-41cf-8798-15404c7ca945" daemon [_thread_blocked, id=27160, stack(0x000000abd6d00000,0x000000abd6e00000) (1024K)]
  0x0000022c098cc6e0 JavaThread "Bundle File Closer"         daemon [_thread_blocked, id=14108, stack(0x000000abd6f00000,0x000000abd7000000) (1024K)]
  0x0000022c09d7fe10 JavaThread "SCR Component Actor"        daemon [_thread_blocked, id=24440, stack(0x000000abd7000000,0x000000abd7100000) (1024K)]
  0x0000022c09f0fb60 JavaThread "Worker-JM"                         [_thread_blocked, id=23140, stack(0x000000abd6e00000,0x000000abd6f00000) (1024K)]
  0x0000022c09f122c0 JavaThread "JNA Cleaner"                daemon [_thread_blocked, id=27056, stack(0x000000abd7200000,0x000000abd7300000) (1024K)]
  0x0000022c09f12fe0 JavaThread "Worker-0"                          [_thread_blocked, id=14096, stack(0x000000abd7300000,0x000000abd7400000) (1024K)]
  0x0000022c09f10f10 JavaThread "Worker-1"                          [_thread_blocked, id=16204, stack(0x000000abd7400000,0x000000abd7500000) (1024K)]
  0x0000022c09f101f0 JavaThread "Worker-2"                          [_thread_blocked, id=2864, stack(0x000000abd7500000,0x000000abd7600000) (1024K)]
  0x0000022c09f12950 JavaThread "Worker-3"                          [_thread_blocked, id=25844, stack(0x000000abd7600000,0x000000abd7700000) (1024K)]
  0x0000022c09f10880 JavaThread "Java indexing"              daemon [_thread_blocked, id=9868, stack(0x000000abd7900000,0x000000abd7a00000) (1024K)]
  0x0000022c09f11c30 JavaThread "Worker-4"                          [_thread_blocked, id=1976, stack(0x000000abd7800000,0x000000abd7900000) (1024K)]
  0x0000022c0b40daa0 JavaThread "Worker-5: Publish Diagnostics"        [_thread_in_vm, id=12628, stack(0x000000abd7b00000,0x000000abd7c00000) (1024K)]
  0x0000022c0b40e130 JavaThread "Thread-2"                   daemon [_thread_in_native, id=22432, stack(0x000000abd7c00000,0x000000abd7d00000) (1024K)]
  0x0000022c0b40b340 JavaThread "Thread-3"                   daemon [_thread_in_native, id=1504, stack(0x000000abd7d00000,0x000000abd7e00000) (1024K)]
  0x0000022c0b40d410 JavaThread "Thread-4"                   daemon [_thread_in_native, id=8496, stack(0x000000abd7e00000,0x000000abd7f00000) (1024K)]
  0x0000022c0b40acb0 JavaThread "Thread-5"                   daemon [_thread_in_native, id=2532, stack(0x000000abd7f00000,0x000000abd8000000) (1024K)]
  0x0000022c0b40e7c0 JavaThread "Thread-6"                   daemon [_thread_in_native, id=25576, stack(0x000000abd8000000,0x000000abd8100000) (1024K)]
  0x0000022c0b40ee50 JavaThread "Thread-7"                   daemon [_thread_in_native, id=7304, stack(0x000000abd8100000,0x000000abd8200000) (1024K)]
  0x0000022c0b40b9d0 JavaThread "Thread-8"                   daemon [_thread_in_native, id=10956, stack(0x000000abd8200000,0x000000abd8300000) (1024K)]
  0x0000022c0b40f4e0 JavaThread "Thread-9"                   daemon [_thread_in_native, id=17864, stack(0x000000abd8300000,0x000000abd8400000) (1024K)]
  0x0000022c0b40c060 JavaThread "Thread-10"                  daemon [_thread_in_native, id=21816, stack(0x000000abd8400000,0x000000abd8500000) (1024K)]
  0x0000022c0b40c6f0 JavaThread "pool-2-thread-1"                   [_thread_blocked, id=13212, stack(0x000000abd8500000,0x000000abd8600000) (1024K)]
  0x0000022c0b410200 JavaThread "WorkspaceEventsHandler"            [_thread_blocked, id=24664, stack(0x000000abd8700000,0x000000abd8800000) (1024K)]
  0x0000022c0b4115b0 JavaThread "pool-1-thread-1"                   [_thread_blocked, id=17232, stack(0x000000abd8800000,0x000000abd8900000) (1024K)]
  0x0000022c0b4122d0 JavaThread "Compiler Source File Reader" daemon [_thread_blocked, id=23324, stack(0x000000abd7a00000,0x000000abd7b00000) (1024K)]
  0x0000022c0b410890 JavaThread "Compiler Source File Reader" daemon [_thread_blocked, id=14668, stack(0x000000abd8600000,0x000000abd8700000) (1024K)]
  0x0000022c0964cd80 JavaThread "Compiler Processing Task"   daemon [_thread_blocked, id=29556, stack(0x000000abd8b00000,0x000000abd8c00000) (1024K)]
  0x0000022c0964daa0 JavaThread "Compiler Class File Writer" daemon [_thread_blocked, id=28624, stack(0x000000abd8c00000,0x000000abd8d00000) (1024K)]
  0x0000022c0964e130 JavaThread "Compiler Class File Writer" daemon [_thread_blocked, id=13824, stack(0x000000abd8d00000,0x000000abd8e00000) (1024K)]
  0x0000022c0964e7c0 JavaThread "Compiler Class File Writer" daemon [_thread_blocked, id=12264, stack(0x000000abd8e00000,0x000000abd8f00000) (1024K)]
  0x0000022c0964f4e0 JavaThread "ForkJoinPool.commonPool-worker-1" daemon [_thread_blocked, id=10040, stack(0x000000abd8f00000,0x000000abd9000000) (1024K)]
  0x0000022c09650890 JavaThread "ForkJoinPool.commonPool-worker-2" daemon [_thread_blocked, id=4140, stack(0x000000abd8a00000,0x000000abd8b00000) (1024K)]
  0x0000022c09650f20 JavaThread "ForkJoinPool.commonPool-worker-3" daemon [_thread_blocked, id=1436, stack(0x000000abd9000000,0x000000abd9100000) (1024K)]
  0x0000022c09651c40 JavaThread "ForkJoinPool.commonPool-worker-4" daemon [_thread_blocked, id=24328, stack(0x000000abd9100000,0x000000abd9200000) (1024K)]
  0x0000022c09652960 JavaThread "ForkJoinPool.commonPool-worker-5" daemon [_thread_blocked, id=22520, stack(0x000000abd9200000,0x000000abd9300000) (1024K)]
  0x0000022c096515b0 JavaThread "ForkJoinPool.commonPool-worker-6" daemon [_thread_blocked, id=18636, stack(0x000000abd9300000,0x000000abd9400000) (1024K)]
  0x0000022c09652ff0 JavaThread "ForkJoinPool.commonPool-worker-7" daemon [_thread_blocked, id=14040, stack(0x000000abd9400000,0x000000abd9500000) (1024K)]
  0x0000022c096522d0 JavaThread "Cleaner-0"                  daemon [_thread_blocked, id=24932, stack(0x000000abd9500000,0x000000abd9600000) (1024K)]
=>0x0000022c09a399d0 JavaThread "C2 CompilerThread1"         daemon [_thread_in_native, id=23100, stack(0x000000abd8900000,0x000000abd8a00000) (1024K)]
  0x0000022c0d048070 JavaThread "C2 CompilerThread2"         daemon [_thread_in_native, id=17536, stack(0x000000abd9600000,0x000000abd9700000) (1024K)]
Total: 54

Other Threads:
  0x0000022bad44eb40 VMThread "VM Thread"                           [id=14752, stack(0x000000abd5800000,0x000000abd5900000) (1024K)]
  0x0000022bad3f8a30 WatcherThread "VM Periodic Task Thread"        [id=13100, stack(0x000000abd5700000,0x000000abd5800000) (1024K)]
  0x0000022bad3ac2a0 WorkerThread "GC Thread#0"                     [id=29616, stack(0x000000abd5600000,0x000000abd5700000) (1024K)]
  0x0000022c0980e2e0 WorkerThread "GC Thread#1"                     [id=5084, stack(0x000000abd6500000,0x000000abd6600000) (1024K)]
  0x0000022c0964aed0 WorkerThread "GC Thread#2"                     [id=14168, stack(0x000000abd6600000,0x000000abd6700000) (1024K)]
  0x0000022c0964b270 WorkerThread "GC Thread#3"                     [id=20172, stack(0x000000abd6700000,0x000000abd6800000) (1024K)]
  0x0000022c0964b610 WorkerThread "GC Thread#4"                     [id=25472, stack(0x000000abd6800000,0x000000abd6900000) (1024K)]
  0x0000022c09263b00 WorkerThread "GC Thread#5"                     [id=7616, stack(0x000000abd6900000,0x000000abd6a00000) (1024K)]
  0x0000022c09263ea0 WorkerThread "GC Thread#6"                     [id=17908, stack(0x000000abd6a00000,0x000000abd6b00000) (1024K)]
  0x0000022c099f4700 WorkerThread "GC Thread#7"                     [id=27008, stack(0x000000abd6400000,0x000000abd6500000) (1024K)]
Total: 10

Threads with active compile tasks:
C2 CompilerThread0  45919 9903       4       org.eclipse.jdt.internal.compiler.lookup.BinaryTypeBinding::createMethod (1724 bytes)
C1 CompilerThread0  45920 9966       3       org.eclipse.jdt.internal.compiler.codegen.StackMapFrameCodeStream::addFramePosition (51 bytes)
C2 CompilerThread1  45920 9870       4       org.eclipse.jdt.internal.compiler.parser.Parser::consumeRule (7755 bytes)
C2 CompilerThread2  45920 9965       4       org.eclipse.jdt.internal.compiler.lookup.Binding::isValidBinding (11 bytes)
Total: 4

VM state: not at safepoint (normal execution)

VM Mutex/Monitor currently owned by a thread: None

Heap address: 0x00000000c0000000, size: 1024 MB, Compressed Oops mode: 32-bit

CDS archive(s) mapped at: [0x0000022bc2000000-0x0000022bc2ba0000-0x0000022bc2ba0000), size 12189696, SharedBaseAddress: 0x0000022bc2000000, ArchiveRelocationMode: 1.
Compressed class space mapped at: 0x0000022bc3000000-0x0000022c03000000, reserved size: 1073741824
Narrow klass base: 0x0000022bc2000000, Narrow klass shift: 0, Narrow klass range: 0x100000000

GC Precious Log:
 CardTable entry size: 512
 CPUs: 8 total, 8 available
 Memory: 16075M
 Large Page Support: Disabled
 NUMA Support: Disabled
 Compressed Oops: Enabled (32-bit)
 Alignments: Space 512K, Generation 512K, Heap 2M
 Heap Min Capacity: 100M
 Heap Initial Capacity: 100M
 Heap Max Capacity: 1G
 Pre-touch: Disabled
 Parallel Workers: 8

Heap:
 PSYoungGen      total 4608K, used 3855K [0x00000000eab00000, 0x00000000eba80000, 0x0000000100000000)
  eden space 4096K, 82% used [0x00000000eab00000,0x00000000eae4bd68,0x00000000eaf00000)
  from space 512K, 93% used [0x00000000eba00000,0x00000000eba78020,0x00000000eba80000)
  to   space 1536K, 0% used [0x00000000eb780000,0x00000000eb780000,0x00000000eb900000)
 ParOldGen       total 516096K, used 516092K [0x00000000c0000000, 0x00000000df800000, 0x00000000eab00000)
  object space 516096K, 99% used [0x00000000c0000000,0x00000000df7ff398,0x00000000df800000)
 Metaspace       used 64101K, committed 65536K, reserved 1114112K
  class space    used 6656K, committed 7296K, reserved 1048576K

Card table byte_map: [0x0000022bbf880000,0x0000022bbfa90000] _byte_map_base: 0x0000022bbf280000

Marking Bits: (ParMarkBitMap*) 0x00007ff841283260
 Begin Bits: [0x0000022bbfbf0000, 0x0000022bc0bf0000)
 End Bits:   [0x0000022bc0bf0000, 0x0000022bc1bf0000)

Polling page: 0x0000022bab8c0000

Metaspace:

Usage:
  Non-class:     56.10 MB used.
      Class:      6.50 MB used.
       Both:     62.60 MB used.

Virtual space:
  Non-class space:       64.00 MB reserved,      56.88 MB ( 89%) committed,  1 nodes.
      Class space:        1.00 GB reserved,       7.12 MB ( <1%) committed,  1 nodes.
             Both:        1.06 GB reserved,      64.00 MB (  6%) committed. 

Chunk freelists:
   Non-Class:  6.62 MB
       Class:  8.88 MB
        Both:  15.51 MB

MaxMetaspaceSize: unlimited
CompressedClassSpaceSize: 1.00 GB
Initial GC threshold: 21.00 MB
Current GC threshold: 97.31 MB
CDS: on
 - commit_granule_bytes: 65536.
 - commit_granule_words: 8192.
 - virtual_space_node_default_size: 8388608.
 - enlarge_chunks_in_place: 1.
 - use_allocation_guard: 0.


Internal statistics:

num_allocs_failed_limit: 11.
num_arena_births: 1104.
num_arena_deaths: 16.
num_vsnodes_births: 2.
num_vsnodes_deaths: 0.
num_space_committed: 1024.
num_space_uncommitted: 0.
num_chunks_returned_to_freelist: 28.
num_chunks_taken_from_freelist: 4143.
num_chunk_merges: 17.
num_chunk_splits: 2553.
num_chunks_enlarged: 1415.
num_inconsistent_stats: 0.

CodeHeap 'non-profiled nmethods': size=120000Kb used=8036Kb max_used=8036Kb free=111963Kb
 bounds [0x0000022bb8170000, 0x0000022bb8950000, 0x0000022bbf6a0000]
CodeHeap 'profiled nmethods': size=120000Kb used=20981Kb max_used=20981Kb free=99018Kb
 bounds [0x0000022bb06a0000, 0x0000022bb1b20000, 0x0000022bb7bd0000]
CodeHeap 'non-nmethods': size=5760Kb used=1463Kb max_used=1537Kb free=4296Kb
 bounds [0x0000022bb7bd0000, 0x0000022bb7e40000, 0x0000022bb8170000]
 total_blobs=9923 nmethods=9148 adapters=680
 compilation: enabled
              stopped_count=0, restarted_count=0
 full_count=0

Compilation events (20 events):
Event: 44.840 Thread 0x0000022bc1fe66d0 nmethod 9917 0x0000022bb1af5110 code [0x0000022bb1af52a0, 0x0000022bb1af53b8]
Event: 44.840 Thread 0x0000022bc1fe66d0 9919       3       org.eclipse.jdt.internal.compiler.lookup.InferenceContext18::getParameter (37 bytes)
Event: 44.841 Thread 0x0000022bc1fe66d0 nmethod 9919 0x0000022bb1af5490 code [0x0000022bb1af5660, 0x0000022bb1af59b0]
Event: 44.841 Thread 0x0000022bc1fe66d0 9920       3       org.eclipse.jdt.internal.compiler.util.Util::scanTypeBoundSignature (202 bytes)
Event: 44.842 Thread 0x0000022bc1fe66d0 nmethod 9920 0x0000022bb1af5b10 code [0x0000022bb1af5e40, 0x0000022bb1af6ba0]
Event: 44.842 Thread 0x0000022bc1fe66d0 9922       3       org.eclipse.core.runtime.Status::isOK (11 bytes)
Event: 44.842 Thread 0x0000022bc1fe66d0 nmethod 9922 0x0000022bb1af7010 code [0x0000022bb1af71c0, 0x0000022bb1af7330]
Event: 44.842 Thread 0x0000022bc1fe66d0 9923       3       org.eclipse.jdt.internal.compiler.lookup.ParameterizedTypeBinding::resolve (185 bytes)
Event: 44.843 Thread 0x0000022bc1fe66d0 nmethod 9923 0x0000022bb1af7410 code [0x0000022bb1af7600, 0x0000022bb1af7ca0]
Event: 44.844 Thread 0x0000022bc1fe66d0 9924       3       org.eclipse.jdt.internal.compiler.ast.ASTNode::checkInvocationArgument (184 bytes)
Event: 44.846 Thread 0x0000022c0d048070 nmethod 9890 0x0000022bb8940390 code [0x0000022bb89406c0, 0x0000022bb8941b40]
Event: 44.846 Thread 0x0000022c0d048070 9926       4       org.eclipse.jdt.internal.core.ClassFile::translatedName (50 bytes)
Event: 44.850 Thread 0x0000022c0d048070 nmethod 9926 0x0000022bb8942a10 code [0x0000022bb8942ba0, 0x0000022bb8942e60]
Event: 44.850 Thread 0x0000022c0d048070 9894       4       org.eclipse.jdt.internal.compiler.lookup.BinaryTypeBinding::createAnnotations (59 bytes)
Event: 44.852 Thread 0x0000022c0d048070 nmethod 9894 0x0000022bb8942f90 code [0x0000022bb8943120, 0x0000022bb89433c0]
Event: 44.852 Thread 0x0000022c0d048070 9886       4       lombok.core.LombokImmutableList$1::next (43 bytes)
Event: 44.853 Thread 0x0000022c0d048070 nmethod 9886 0x0000022bb8943510 code [0x0000022bb89436a0, 0x0000022bb89437a8]
Event: 44.853 Thread 0x0000022c0d048070 9880       4       lombok.eclipse.EclipseNode::calculateIsStructurallySignificant (62 bytes)
Event: 44.854 Thread 0x0000022c0d048070 nmethod 9880 0x0000022bb8943890 code [0x0000022bb8943a20, 0x0000022bb8943b30]
Event: 44.854 Thread 0x0000022c0d048070 9881   !   4       jdk.internal.reflect.DirectMethodHandleAccessor::invoke (92 bytes)

GC Heap History (20 events):
Event: 37.834 GC heap before
{Heap before GC invocations=196 (full 3):
 PSYoungGen      total 5632K, used 5069K [0x00000000eab00000, 0x00000000ebd00000, 0x0000000100000000)
  eden space 4096K, 97% used [0x00000000eab00000,0x00000000eaee85f0,0x00000000eaf00000)
  from space 1536K, 69% used [0x00000000ebb80000,0x00000000ebc8b1f8,0x00000000ebd00000)
  to   space 1536K, 0% used [0x00000000eba00000,0x00000000eba00000,0x00000000ebb80000)
 ParOldGen       total 500224K, used 500186K [0x00000000c0000000, 0x00000000de880000, 0x00000000eab00000)
  object space 500224K, 99% used [0x00000000c0000000,0x00000000de876818,0x00000000de880000)
 Metaspace       used 61937K, committed 63360K, reserved 1114112K
  class space    used 6416K, committed 7040K, reserved 1048576K
}
Event: 37.837 GC heap after
{Heap after GC invocations=196 (full 3):
 PSYoungGen      total 4608K, used 352K [0x00000000eab00000, 0x00000000ebc00000, 0x0000000100000000)
  eden space 4096K, 0% used [0x00000000eab00000,0x00000000eab00000,0x00000000eaf00000)
  from space 512K, 68% used [0x00000000eba00000,0x00000000eba58000,0x00000000eba80000)
  to   space 1024K, 0% used [0x00000000ebb00000,0x00000000ebb00000,0x00000000ebc00000)
 ParOldGen       total 505856K, used 505805K [0x00000000c0000000, 0x00000000dee00000, 0x00000000eab00000)
  object space 505856K, 99% used [0x00000000c0000000,0x00000000dedf3730,0x00000000dee00000)
 Metaspace       used 61937K, committed 63360K, reserved 1114112K
  class space    used 6416K, committed 7040K, reserved 1048576K
}
Event: 37.867 GC heap before
{Heap before GC invocations=197 (full 3):
 PSYoungGen      total 4608K, used 4240K [0x00000000eab00000, 0x00000000ebc00000, 0x0000000100000000)
  eden space 4096K, 94% used [0x00000000eab00000,0x00000000eaecc2e8,0x00000000eaf00000)
  from space 512K, 68% used [0x00000000eba00000,0x00000000eba58000,0x00000000eba80000)
  to   space 1024K, 0% used [0x00000000ebb00000,0x00000000ebb00000,0x00000000ebc00000)
 ParOldGen       total 505856K, used 505805K [0x00000000c0000000, 0x00000000dee00000, 0x00000000eab00000)
  object space 505856K, 99% used [0x00000000c0000000,0x00000000dedf3730,0x00000000dee00000)
 Metaspace       used 62044K, committed 63424K, reserved 1114112K
  class space    used 6425K, committed 7040K, reserved 1048576K
}
Event: 37.870 GC heap after
{Heap after GC invocations=197 (full 3):
 PSYoungGen      total 4608K, used 375K [0x00000000eab00000, 0x00000000ebb80000, 0x0000000100000000)
  eden space 4096K, 0% used [0x00000000eab00000,0x00000000eab00000,0x00000000eaf00000)
  from space 512K, 73% used [0x00000000ebb00000,0x00000000ebb5df70,0x00000000ebb80000)
  to   space 512K, 0% used [0x00000000eba00000,0x00000000eba00000,0x00000000eba80000)
 ParOldGen       total 511488K, used 510916K [0x00000000c0000000, 0x00000000df380000, 0x00000000eab00000)
  object space 511488K, 99% used [0x00000000c0000000,0x00000000df2f1150,0x00000000df380000)
 Metaspace       used 62044K, committed 63424K, reserved 1114112K
  class space    used 6425K, committed 7040K, reserved 1048576K
}
Event: 37.927 GC heap before
{Heap before GC invocations=198 (full 3):
 PSYoungGen      total 4608K, used 4471K [0x00000000eab00000, 0x00000000ebb80000, 0x0000000100000000)
  eden space 4096K, 100% used [0x00000000eab00000,0x00000000eaf00000,0x00000000eaf00000)
  from space 512K, 73% used [0x00000000ebb00000,0x00000000ebb5df70,0x00000000ebb80000)
  to   space 512K, 0% used [0x00000000eba00000,0x00000000eba00000,0x00000000eba80000)
 ParOldGen       total 511488K, used 510916K [0x00000000c0000000, 0x00000000df380000, 0x00000000eab00000)
  object space 511488K, 99% used [0x00000000c0000000,0x00000000df2f1150,0x00000000df380000)
 Metaspace       used 62070K, committed 63488K, reserved 1114112K
  class space    used 6425K, committed 7040K, reserved 1048576K
}
Event: 37.930 GC heap after
{Heap after GC invocations=198 (full 3):
 PSYoungGen      total 4608K, used 503K [0x00000000eab00000, 0x00000000ebb80000, 0x0000000100000000)
  eden space 4096K, 0% used [0x00000000eab00000,0x00000000eab00000,0x00000000eaf00000)
  from space 512K, 98% used [0x00000000eba00000,0x00000000eba7df20,0x00000000eba80000)
  to   space 1024K, 0% used [0x00000000eba80000,0x00000000eba80000,0x00000000ebb80000)
 ParOldGen       total 514048K, used 513808K [0x00000000c0000000, 0x00000000df600000, 0x00000000eab00000)
  object space 514048K, 99% used [0x00000000c0000000,0x00000000df5c4368,0x00000000df600000)
 Metaspace       used 62070K, committed 63488K, reserved 1114112K
  class space    used 6425K, committed 7040K, reserved 1048576K
}
Event: 38.042 GC heap before
{Heap before GC invocations=199 (full 3):
 PSYoungGen      total 4608K, used 4599K [0x00000000eab00000, 0x00000000ebb80000, 0x0000000100000000)
  eden space 4096K, 100% used [0x00000000eab00000,0x00000000eaf00000,0x00000000eaf00000)
  from space 512K, 98% used [0x00000000eba00000,0x00000000eba7df20,0x00000000eba80000)
  to   space 1024K, 0% used [0x00000000eba80000,0x00000000eba80000,0x00000000ebb80000)
 ParOldGen       total 514048K, used 513808K [0x00000000c0000000, 0x00000000df600000, 0x00000000eab00000)
  object space 514048K, 99% used [0x00000000c0000000,0x00000000df5c4368,0x00000000df600000)
 Metaspace       used 62484K, committed 64000K, reserved 1114112K
  class space    used 6455K, committed 7104K, reserved 1048576K
}
Event: 38.044 GC heap after
{Heap after GC invocations=199 (full 3):
 PSYoungGen      total 5120K, used 897K [0x00000000eab00000, 0x00000000ebb80000, 0x0000000100000000)
  eden space 4096K, 0% used [0x00000000eab00000,0x00000000eab00000,0x00000000eaf00000)
  from space 1024K, 87% used [0x00000000eba80000,0x00000000ebb60668,0x00000000ebb80000)
  to   space 2048K, 0% used [0x00000000eb780000,0x00000000eb780000,0x00000000eb980000)
 ParOldGen       total 514048K, used 513912K [0x00000000c0000000, 0x00000000df600000, 0x00000000eab00000)
  object space 514048K, 99% used [0x00000000c0000000,0x00000000df5de368,0x00000000df600000)
 Metaspace       used 62484K, committed 64000K, reserved 1114112K
  class space    used 6455K, committed 7104K, reserved 1048576K
}
Event: 38.093 GC heap before
{Heap before GC invocations=200 (full 3):
 PSYoungGen      total 5120K, used 4993K [0x00000000eab00000, 0x00000000ebb80000, 0x0000000100000000)
  eden space 4096K, 100% used [0x00000000eab00000,0x00000000eaf00000,0x00000000eaf00000)
  from space 1024K, 87% used [0x00000000eba80000,0x00000000ebb60668,0x00000000ebb80000)
  to   space 2048K, 0% used [0x00000000eb780000,0x00000000eb780000,0x00000000eb980000)
 ParOldGen       total 514048K, used 513912K [0x00000000c0000000, 0x00000000df600000, 0x00000000eab00000)
  object space 514048K, 99% used [0x00000000c0000000,0x00000000df5de368,0x00000000df600000)
 Metaspace       used 62734K, committed 64192K, reserved 1114112K
  class space    used 6492K, committed 7104K, reserved 1048576K
}
Event: 38.096 GC heap after
{Heap after GC invocations=200 (full 3):
 PSYoungGen      total 6144K, used 608K [0x00000000eab00000, 0x00000000ebb00000, 0x0000000100000000)
  eden space 4096K, 0% used [0x00000000eab00000,0x00000000eab00000,0x00000000eaf00000)
  from space 2048K, 29% used [0x00000000eb780000,0x00000000eb818000,0x00000000eb980000)
  to   space 1024K, 0% used [0x00000000eba00000,0x00000000eba00000,0x00000000ebb00000)
 ParOldGen       total 514560K, used 514350K [0x00000000c0000000, 0x00000000df680000, 0x00000000eab00000)
  object space 514560K, 99% used [0x00000000c0000000,0x00000000df64bae8,0x00000000df680000)
 Metaspace       used 62734K, committed 64192K, reserved 1114112K
  class space    used 6492K, committed 7104K, reserved 1048576K
}
Event: 38.118 GC heap before
{Heap before GC invocations=201 (full 3):
 PSYoungGen      total 6144K, used 4704K [0x00000000eab00000, 0x00000000ebb00000, 0x0000000100000000)
  eden space 4096K, 100% used [0x00000000eab00000,0x00000000eaf00000,0x00000000eaf00000)
  from space 2048K, 29% used [0x00000000eb780000,0x00000000eb818000,0x00000000eb980000)
  to   space 1024K, 0% used [0x00000000eba00000,0x00000000eba00000,0x00000000ebb00000)
 ParOldGen       total 514560K, used 514350K [0x00000000c0000000, 0x00000000df680000, 0x00000000eab00000)
  object space 514560K, 99% used [0x00000000c0000000,0x00000000df64bae8,0x00000000df680000)
 Metaspace       used 62905K, committed 64384K, reserved 1114112K
  class space    used 6500K, committed 7104K, reserved 1048576K
}
Event: 38.122 GC heap after
{Heap after GC invocations=201 (full 3):
 PSYoungGen      total 4608K, used 416K [0x00000000eab00000, 0x00000000eba80000, 0x0000000100000000)
  eden space 4096K, 0% used [0x00000000eab00000,0x00000000eab00000,0x00000000eaf00000)
  from space 512K, 81% used [0x00000000eba00000,0x00000000eba68000,0x00000000eba80000)
  to   space 1024K, 0% used [0x00000000eb880000,0x00000000eb880000,0x00000000eb980000)
 ParOldGen       total 515072K, used 514795K [0x00000000c0000000, 0x00000000df700000, 0x00000000eab00000)
  object space 515072K, 99% used [0x00000000c0000000,0x00000000df6baf78,0x00000000df700000)
 Metaspace       used 62905K, committed 64384K, reserved 1114112K
  class space    used 6500K, committed 7104K, reserved 1048576K
}
Event: 38.193 GC heap before
{Heap before GC invocations=202 (full 3):
 PSYoungGen      total 4608K, used 4512K [0x00000000eab00000, 0x00000000eba80000, 0x0000000100000000)
  eden space 4096K, 100% used [0x00000000eab00000,0x00000000eaf00000,0x00000000eaf00000)
  from space 512K, 81% used [0x00000000eba00000,0x00000000eba68000,0x00000000eba80000)
  to   space 1024K, 0% used [0x00000000eb880000,0x00000000eb880000,0x00000000eb980000)
 ParOldGen       total 515072K, used 514795K [0x00000000c0000000, 0x00000000df700000, 0x00000000eab00000)
  object space 515072K, 99% used [0x00000000c0000000,0x00000000df6baf78,0x00000000df700000)
 Metaspace       used 63253K, committed 64768K, reserved 1114112K
  class space    used 6524K, committed 7168K, reserved 1048576K
}
Event: 38.197 GC heap after
{Heap after GC invocations=202 (full 3):
 PSYoungGen      total 5120K, used 448K [0x00000000eab00000, 0x00000000eba80000, 0x0000000100000000)
  eden space 4096K, 0% used [0x00000000eab00000,0x00000000eab00000,0x00000000eaf00000)
  from space 1024K, 43% used [0x00000000eb880000,0x00000000eb8f0020,0x00000000eb980000)
  to   space 512K, 0% used [0x00000000eba00000,0x00000000eba00000,0x00000000eba80000)
 ParOldGen       total 515584K, used 515083K [0x00000000c0000000, 0x00000000df780000, 0x00000000eab00000)
  object space 515584K, 99% used [0x00000000c0000000,0x00000000df702f78,0x00000000df780000)
 Metaspace       used 63253K, committed 64768K, reserved 1114112K
  class space    used 6524K, committed 7168K, reserved 1048576K
}
Event: 38.401 GC heap before
{Heap before GC invocations=203 (full 3):
 PSYoungGen      total 5120K, used 4544K [0x00000000eab00000, 0x00000000eba80000, 0x0000000100000000)
  eden space 4096K, 100% used [0x00000000eab00000,0x00000000eaf00000,0x00000000eaf00000)
  from space 1024K, 43% used [0x00000000eb880000,0x00000000eb8f0020,0x00000000eb980000)
  to   space 512K, 0% used [0x00000000eba00000,0x00000000eba00000,0x00000000eba80000)
 ParOldGen       total 515584K, used 515083K [0x00000000c0000000, 0x00000000df780000, 0x00000000eab00000)
  object space 515584K, 99% used [0x00000000c0000000,0x00000000df702f78,0x00000000df780000)
 Metaspace       used 63803K, committed 65280K, reserved 1114112K
  class space    used 6635K, committed 7296K, reserved 1048576K
}
Event: 38.403 GC heap after
{Heap after GC invocations=203 (full 3):
 PSYoungGen      total 4608K, used 320K [0x00000000eab00000, 0x00000000eba80000, 0x0000000100000000)
  eden space 4096K, 0% used [0x00000000eab00000,0x00000000eab00000,0x00000000eaf00000)
  from space 512K, 62% used [0x00000000eba00000,0x00000000eba50000,0x00000000eba80000)
  to   space 512K, 0% used [0x00000000eb980000,0x00000000eb980000,0x00000000eba00000)
 ParOldGen       total 515584K, used 515283K [0x00000000c0000000, 0x00000000df780000, 0x00000000eab00000)
  object space 515584K, 99% used [0x00000000c0000000,0x00000000df734f98,0x00000000df780000)
 Metaspace       used 63803K, committed 65280K, reserved 1114112K
  class space    used 6635K, committed 7296K, reserved 1048576K
}
Event: 43.772 GC heap before
{Heap before GC invocations=204 (full 3):
 PSYoungGen      total 4608K, used 4416K [0x00000000eab00000, 0x00000000eba80000, 0x0000000100000000)
  eden space 4096K, 100% used [0x00000000eab00000,0x00000000eaf00000,0x00000000eaf00000)
  from space 512K, 62% used [0x00000000eba00000,0x00000000eba50000,0x00000000eba80000)
  to   space 512K, 0% used [0x00000000eb980000,0x00000000eb980000,0x00000000eba00000)
 ParOldGen       total 515584K, used 515283K [0x00000000c0000000, 0x00000000df780000, 0x00000000eab00000)
  object space 515584K, 99% used [0x00000000c0000000,0x00000000df734f98,0x00000000df780000)
 Metaspace       used 63946K, committed 65408K, reserved 1114112K
  class space    used 6653K, committed 7296K, reserved 1048576K
}
Event: 43.776 GC heap after
{Heap after GC invocations=204 (full 3):
 PSYoungGen      total 4608K, used 480K [0x00000000eab00000, 0x00000000eba80000, 0x0000000100000000)
  eden space 4096K, 0% used [0x00000000eab00000,0x00000000eab00000,0x00000000eaf00000)
  from space 512K, 93% used [0x00000000eb980000,0x00000000eb9f8030,0x00000000eba00000)
  to   space 512K, 0% used [0x00000000eba00000,0x00000000eba00000,0x00000000eba80000)
 ParOldGen       total 515584K, used 515563K [0x00000000c0000000, 0x00000000df780000, 0x00000000eab00000)
  object space 515584K, 99% used [0x00000000c0000000,0x00000000df77afa8,0x00000000df780000)
 Metaspace       used 63946K, committed 65408K, reserved 1114112K
  class space    used 6653K, committed 7296K, reserved 1048576K
}
Event: 44.820 GC heap before
{Heap before GC invocations=205 (full 3):
 PSYoungGen      total 4608K, used 4576K [0x00000000eab00000, 0x00000000eba80000, 0x0000000100000000)
  eden space 4096K, 100% used [0x00000000eab00000,0x00000000eaf00000,0x00000000eaf00000)
  from space 512K, 93% used [0x00000000eb980000,0x00000000eb9f8030,0x00000000eba00000)
  to   space 512K, 0% used [0x00000000eba00000,0x00000000eba00000,0x00000000eba80000)
 ParOldGen       total 515584K, used 515563K [0x00000000c0000000, 0x00000000df780000, 0x00000000eab00000)
  object space 515584K, 99% used [0x00000000c0000000,0x00000000df77afa8,0x00000000df780000)
 Metaspace       used 64019K, committed 65472K, reserved 1114112K
  class space    used 6655K, committed 7296K, reserved 1048576K
}
Event: 44.822 GC heap after
{Heap after GC invocations=205 (full 3):
 PSYoungGen      total 4608K, used 480K [0x00000000eab00000, 0x00000000eba80000, 0x0000000100000000)
  eden space 4096K, 0% used [0x00000000eab00000,0x00000000eab00000,0x00000000eaf00000)
  from space 512K, 93% used [0x00000000eba00000,0x00000000eba78020,0x00000000eba80000)
  to   space 1536K, 0% used [0x00000000eb780000,0x00000000eb780000,0x00000000eb900000)
 ParOldGen       total 516096K, used 516092K [0x00000000c0000000, 0x00000000df800000, 0x00000000eab00000)
  object space 516096K, 99% used [0x00000000c0000000,0x00000000df7ff398,0x00000000df800000)
 Metaspace       used 64019K, committed 65472K, reserved 1114112K
  class space    used 6655K, committed 7296K, reserved 1048576K
}

Dll operation events (10 events):
Event: 0.191 Loaded shared library c:\Users\mariam\.vscode\extensions\redhat.java-1.40.0-win32-x64\jre\21.0.6-win32-x86_64\bin\java.dll
Event: 0.536 Loaded shared library c:\Users\mariam\.vscode\extensions\redhat.java-1.40.0-win32-x64\jre\21.0.6-win32-x86_64\bin\zip.dll
Event: 0.568 Loaded shared library C:\Users\mariam\.vscode\extensions\redhat.java-1.40.0-win32-x64\jre\21.0.6-win32-x86_64\bin\instrument.dll
Event: 0.584 Loaded shared library C:\Users\mariam\.vscode\extensions\redhat.java-1.40.0-win32-x64\jre\21.0.6-win32-x86_64\bin\net.dll
Event: 0.587 Loaded shared library C:\Users\mariam\.vscode\extensions\redhat.java-1.40.0-win32-x64\jre\21.0.6-win32-x86_64\bin\nio.dll
Event: 0.590 Loaded shared library C:\Users\mariam\.vscode\extensions\redhat.java-1.40.0-win32-x64\jre\21.0.6-win32-x86_64\bin\zip.dll
Event: 0.608 Loaded shared library C:\Users\mariam\.vscode\extensions\redhat.java-1.40.0-win32-x64\jre\21.0.6-win32-x86_64\bin\jimage.dll
Event: 1.008 Loaded shared library c:\Users\mariam\.vscode\extensions\redhat.java-1.40.0-win32-x64\jre\21.0.6-win32-x86_64\bin\verify.dll
Event: 2.296 Loaded shared library C:\Users\mariam\AppData\Roaming\Code\User\globalStorage\redhat.java\1.40.0\config_win\org.eclipse.equinox.launcher\org.eclipse.equinox.launcher.win32.win32.x86_64_1.2.1200.v20250212-0927\eclipse_11909.dll
Event: 7.223 Loaded shared library C:\Users\mariam\AppData\Local\Temp\jna--1081308105\jna5422280445235628542.dll

Deoptimization events (20 events):
Event: 44.788 Thread 0x0000022c0b40daa0 Uncommon trap: trap_request=0xffffffde fr.pc=0x0000022bb8928f6c relative=0x0000000000000b8c
Event: 44.788 Thread 0x0000022c0b40daa0 Uncommon trap: reason=class_check action=maybe_recompile pc=0x0000022bb8928f6c method=org.eclipse.jdt.internal.compiler.parser.Parser.consumeRule(I)V @ 5958 c2
Event: 44.788 Thread 0x0000022c0b40daa0 DEOPT PACKING pc=0x0000022bb8928f6c sp=0x000000abd7bfeac0
Event: 44.788 Thread 0x0000022c0b40daa0 DEOPT UNPACKING pc=0x0000022bb7c26da2 sp=0x000000abd7bfea50 mode 2
Event: 44.789 Thread 0x0000022c0b40daa0 Uncommon trap: trap_request=0xffffffc6 fr.pc=0x0000022bb8937a4c relative=0x0000000000000f6c
Event: 44.789 Thread 0x0000022c0b40daa0 Uncommon trap: reason=bimorphic_or_optimized_type_check action=maybe_recompile pc=0x0000022bb8937a4c method=org.eclipse.jdt.internal.compiler.parser.Parser.consumeToken(I)V @ 567 c2
Event: 44.789 Thread 0x0000022c0b40daa0 DEOPT PACKING pc=0x0000022bb8937a4c sp=0x000000abd7bfeaa0
Event: 44.789 Thread 0x0000022c0b40daa0 DEOPT UNPACKING pc=0x0000022bb7c26da2 sp=0x000000abd7bfea30 mode 2
Event: 44.805 Thread 0x0000022c0b40daa0 Uncommon trap: trap_request=0xffffff45 fr.pc=0x0000022bb8567530 relative=0x0000000000000210
Event: 44.805 Thread 0x0000022c0b40daa0 Uncommon trap: reason=unstable_if action=reinterpret pc=0x0000022bb8567530 method=java.util.Arrays.equals([C[C)Z @ 8 c2
Event: 44.805 Thread 0x0000022c0b40daa0 DEOPT PACKING pc=0x0000022bb8567530 sp=0x000000abd7bfdea0
Event: 44.805 Thread 0x0000022c0b40daa0 DEOPT UNPACKING pc=0x0000022bb7c26da2 sp=0x000000abd7bfde58 mode 2
Event: 44.807 Thread 0x0000022c0b40daa0 Uncommon trap: trap_request=0xffffffcc fr.pc=0x0000022bb89082b0 relative=0x0000000000002ef0
Event: 44.807 Thread 0x0000022c0b40daa0 Uncommon trap: reason=intrinsic_or_type_checked_inlining action=make_not_entrant pc=0x0000022bb89082b0 method=java.util.ArrayList$SubList.toArray([Ljava/lang/Object;)[Ljava/lang/Object; @ 58 c2
Event: 44.807 Thread 0x0000022c0b40daa0 DEOPT PACKING pc=0x0000022bb89082b0 sp=0x000000abd7bfab80
Event: 44.807 Thread 0x0000022c0b40daa0 DEOPT UNPACKING pc=0x0000022bb7c26da2 sp=0x000000abd7bfa940 mode 2
Event: 44.827 Thread 0x0000022c0b40daa0 Uncommon trap: trap_request=0xffffff45 fr.pc=0x0000022bb877aa74 relative=0x0000000000000574
Event: 44.827 Thread 0x0000022c0b40daa0 Uncommon trap: reason=unstable_if action=reinterpret pc=0x0000022bb877aa74 method=org.eclipse.jdt.internal.compiler.lookup.TypeSystem.getUnannotatedType(Lorg/eclipse/jdt/internal/compiler/lookup/TypeBinding;)Lorg/eclipse/jdt/internal/compiler/lookup/TypeB
Event: 44.827 Thread 0x0000022c0b40daa0 DEOPT PACKING pc=0x0000022bb877aa74 sp=0x000000abd7bfd8b0
Event: 44.827 Thread 0x0000022c0b40daa0 DEOPT UNPACKING pc=0x0000022bb7c26da2 sp=0x000000abd7bfd838 mode 2

Classes loaded (20 events):
Event: 36.975 Loading class com/sun/crypto/provider/PKCS5Padding
Event: 36.975 Loading class com/sun/crypto/provider/Padding
Event: 36.975 Loading class com/sun/crypto/provider/Padding done
Event: 36.975 Loading class com/sun/crypto/provider/PKCS5Padding done
Event: 36.976 Loading class com/sun/crypto/provider/CipherBlockChaining
Event: 36.976 Loading class com/sun/crypto/provider/CipherBlockChaining done
Event: 36.976 Loading class javax/crypto/NullCipher
Event: 36.976 Loading class javax/crypto/NullCipher done
Event: 36.976 Loading class sun/security/util/ArrayUtil
Event: 36.976 Loading class sun/security/util/ArrayUtil done
Event: 37.056 Loading class java/util/zip/CheckedInputStream
Event: 37.056 Loading class java/util/zip/CheckedInputStream done
Event: 37.152 Loading class java/util/zip/GZIPInputStream$1
Event: 37.152 Loading class java/util/zip/GZIPInputStream$1 done
Event: 37.402 Loading class java/util/LinkedList$LLSpliterator
Event: 37.403 Loading class java/util/LinkedList$LLSpliterator done
Event: 37.680 Loading class javax/xml/transform/TransformerConfigurationException
Event: 37.681 Loading class javax/xml/transform/TransformerConfigurationException done
Event: 37.789 Loading class jdk/internal/ref/CleanerImpl$InnocuousThreadFactory
Event: 37.789 Loading class jdk/internal/ref/CleanerImpl$InnocuousThreadFactory done

Classes unloaded (8 events):
Event: 9.735 Thread 0x0000022bad44eb40 Unloading class 0x0000022bc3199400 'java/lang/invoke/LambdaForm$MH+0x0000022bc3199400'
Event: 9.735 Thread 0x0000022bad44eb40 Unloading class 0x0000022bc3199000 'java/lang/invoke/LambdaForm$MH+0x0000022bc3199000'
Event: 9.735 Thread 0x0000022bad44eb40 Unloading class 0x0000022bc3198c00 'java/lang/invoke/LambdaForm$MH+0x0000022bc3198c00'
Event: 9.735 Thread 0x0000022bad44eb40 Unloading class 0x0000022bc3198800 'java/lang/invoke/LambdaForm$MH+0x0000022bc3198800'
Event: 9.735 Thread 0x0000022bad44eb40 Unloading class 0x0000022bc3198400 'java/lang/invoke/LambdaForm$BMH+0x0000022bc3198400'
Event: 9.735 Thread 0x0000022bad44eb40 Unloading class 0x0000022bc3198000 'java/lang/invoke/LambdaForm$DMH+0x0000022bc3198000'
Event: 9.735 Thread 0x0000022bad44eb40 Unloading class 0x0000022bc3196c00 'java/lang/invoke/LambdaForm$DMH+0x0000022bc3196c00'
Event: 15.722 Thread 0x0000022bad44eb40 Unloading class 0x0000022bc327cc00 'java/lang/invoke/LambdaForm$MH+0x0000022bc327cc00'

Classes redefined (0 events):
No events

Internal exceptions (20 events):
Event: 26.206 Thread 0x0000022c09f12fe0 Exception <a 'sun/nio/fs/WindowsException'{0x00000000eb394170}> (0x00000000eb394170) 
thrown [s\src\hotspot\share\prims\jni.cpp, line 520]
Event: 26.206 Thread 0x0000022c09f12fe0 Exception <a 'sun/nio/fs/WindowsException'{0x00000000eb394860}> (0x00000000eb394860) 
thrown [s\src\hotspot\share\prims\jni.cpp, line 520]
Event: 30.087 Thread 0x0000022c09f10880 Implicit null exception at 0x0000022bb8370d68 to 0x0000022bb8371b78
Event: 30.087 Thread 0x0000022c09f10880 Implicit null exception at 0x0000022bb86323b1 to 0x0000022bb863289c
Event: 36.479 Thread 0x0000022c09f10880 Exception <a 'sun/nio/fs/WindowsException'{0x00000000eaff6d48}> (0x00000000eaff6d48) 
thrown [s\src\hotspot\share\prims\jni.cpp, line 520]
Event: 36.736 Thread 0x0000022c0b4115b0 Exception <a 'java/lang/IncompatibleClassChangeError'{0x00000000eb4485d8}: Found class java.lang.Object, but interface was expected> (0x00000000eb4485d8) 
thrown [s\src\hotspot\share\interpreter\linkResolver.cpp, line 840]
Event: 36.963 Thread 0x0000022c096522d0 Exception <a 'sun/nio/fs/WindowsException'{0x00000000eabc57d8}> (0x00000000eabc57d8) 
thrown [s\src\hotspot\share\prims\jni.cpp, line 520]
Event: 37.026 Thread 0x0000022c0b4115b0 Exception <a 'java/lang/IncompatibleClassChangeError'{0x00000000eaf6d9d8}: Found class java.lang.Object, but interface was expected> (0x00000000eaf6d9d8) 
thrown [s\src\hotspot\share\interpreter\linkResolver.cpp, line 840]
Event: 37.031 Thread 0x0000022c0b4115b0 Exception <a 'java/lang/IncompatibleClassChangeError'{0x00000000eaf888a0}: Found class java.lang.Object, but interface was expected> (0x00000000eaf888a0) 
thrown [s\src\hotspot\share\interpreter\linkResolver.cpp, line 840]
Event: 37.040 Thread 0x0000022c0b4115b0 Exception <a 'java/lang/IncompatibleClassChangeError'{0x00000000eafc5930}: Found class java.lang.Object, but interface was expected> (0x00000000eafc5930) 
thrown [s\src\hotspot\share\interpreter\linkResolver.cpp, line 840]
Event: 37.060 Thread 0x0000022c096515b0 Exception <a 'java/lang/IncompatibleClassChangeError'{0x00000000eb3ccc88}: Found class java.lang.Object, but interface was expected> (0x00000000eb3ccc88) 
thrown [s\src\hotspot\share\interpreter\linkResolver.cpp, line 840]
Event: 37.146 Thread 0x0000022c09650890 Exception <a 'sun/nio/fs/WindowsException'{0x00000000eb8ba4d8}> (0x00000000eb8ba4d8) 
thrown [s\src\hotspot\share\prims\jni.cpp, line 520]
Event: 37.150 Thread 0x0000022c09650890 Exception <a 'sun/nio/fs/WindowsException'{0x00000000eb8bae98}> (0x00000000eb8bae98) 
thrown [s\src\hotspot\share\prims\jni.cpp, line 520]
Event: 37.151 Thread 0x0000022c09650890 Exception <a 'sun/nio/fs/WindowsException'{0x00000000eb8bbff8}> (0x00000000eb8bbff8) 
thrown [s\src\hotspot\share\prims\jni.cpp, line 520]
Event: 37.151 Thread 0x0000022c09650890 Exception <a 'sun/nio/fs/WindowsException'{0x00000000eb8bc998}> (0x00000000eb8bc998) 
thrown [s\src\hotspot\share\prims\jni.cpp, line 520]
Event: 37.152 Thread 0x0000022c09650890 Exception <a 'sun/nio/fs/WindowsException'{0x00000000eb8be3f0}> (0x00000000eb8be3f0) 
thrown [s\src\hotspot\share\prims\jni.cpp, line 520]
Event: 37.152 Thread 0x0000022c09650890 Exception <a 'sun/nio/fs/WindowsException'{0x00000000eb8bed90}> (0x00000000eb8bed90) 
thrown [s\src\hotspot\share\prims\jni.cpp, line 520]
Event: 37.611 Thread 0x0000022c09652ff0 Implicit null exception at 0x0000022bb86ff55a to 0x0000022bb86ff5b3
Event: 38.175 Thread 0x0000022c09650f20 Exception <a 'java/lang/NoSuchMethodError'{0x00000000eaefd170}: 'void java.lang.invoke.DirectMethodHandle$Holder.invokeSpecial(java.lang.Object, java.lang.Object, int)'> (0x00000000eaefd170) 
thrown [s\src\hotspot\share\interpreter\linkResolver.cpp, line 773]
Event: 44.805 Thread 0x0000022c0b40daa0 Implicit null exception at 0x0000022bb8567355 to 0x0000022bb856751c

ZGC Phase Switch (0 events):
No events

VM Operations (20 events):
Event: 38.096 Executing VM operation: ParallelGCFailedAllocation (Allocation Failure) done
Event: 38.118 Executing VM operation: ParallelGCFailedAllocation (Allocation Failure)
Event: 38.122 Executing VM operation: ParallelGCFailedAllocation (Allocation Failure) done
Event: 38.144 Executing VM operation: HandshakeAllThreads (Deoptimize)
Event: 38.144 Executing VM operation: HandshakeAllThreads (Deoptimize) done
Event: 38.175 Executing VM operation: ParallelGCFailedAllocation (Allocation Failure)
Event: 38.197 Executing VM operation: ParallelGCFailedAllocation (Allocation Failure) done
Event: 38.401 Executing VM operation: ParallelGCFailedAllocation (Allocation Failure)
Event: 38.403 Executing VM operation: ParallelGCFailedAllocation (Allocation Failure) done
Event: 39.407 Executing VM operation: Cleanup
Event: 39.407 Executing VM operation: Cleanup done
Event: 43.443 Executing VM operation: Cleanup
Event: 43.741 Executing VM operation: Cleanup done
Event: 43.772 Executing VM operation: ParallelGCFailedAllocation (Allocation Failure)
Event: 43.776 Executing VM operation: ParallelGCFailedAllocation (Allocation Failure) done
Event: 44.787 Executing VM operation: Cleanup
Event: 44.787 Executing VM operation: Cleanup done
Event: 44.820 Executing VM operation: ParallelGCFailedAllocation (Allocation Failure)
Event: 44.822 Executing VM operation: ParallelGCFailedAllocation (Allocation Failure) done
Event: 45.832 Executing VM operation: Cleanup

Memory protections (0 events):
No events

Nmethod flushes (20 events):
Event: 27.126 Thread 0x0000022bad44eb40 flushing osr nmethod 0x0000022bb0fd2390
Event: 27.126 Thread 0x0000022bad44eb40 flushing  nmethod 0x0000022bb0fdb490
Event: 27.126 Thread 0x0000022bad44eb40 flushing  nmethod 0x0000022bb0fe0990
Event: 27.126 Thread 0x0000022bad44eb40 flushing  nmethod 0x0000022bb0ff2010
Event: 27.126 Thread 0x0000022bad44eb40 flushing  nmethod 0x0000022bb0ffd810
Event: 27.126 Thread 0x0000022bad44eb40 flushing  nmethod 0x0000022bb1006a10
Event: 27.126 Thread 0x0000022bad44eb40 flushing  nmethod 0x0000022bb1007b10
Event: 27.126 Thread 0x0000022bad44eb40 flushing  nmethod 0x0000022bb100aa10
Event: 27.126 Thread 0x0000022bad44eb40 flushing  nmethod 0x0000022bb100c310
Event: 27.126 Thread 0x0000022bad44eb40 flushing  nmethod 0x0000022bb1019c10
Event: 27.126 Thread 0x0000022bad44eb40 flushing  nmethod 0x0000022bb101ff10
Event: 27.126 Thread 0x0000022bad44eb40 flushing  nmethod 0x0000022bb1038b90
Event: 27.126 Thread 0x0000022bad44eb40 flushing  nmethod 0x0000022bb103a210
Event: 27.126 Thread 0x0000022bad44eb40 flushing  nmethod 0x0000022bb103a810
Event: 27.126 Thread 0x0000022bad44eb40 flushing  nmethod 0x0000022bb103e890
Event: 27.126 Thread 0x0000022bad44eb40 flushing  nmethod 0x0000022bb1041010
Event: 27.126 Thread 0x0000022bad44eb40 flushing  nmethod 0x0000022bb1063f90
Event: 27.126 Thread 0x0000022bad44eb40 flushing  nmethod 0x0000022bb1067790
Event: 27.126 Thread 0x0000022bad44eb40 flushing  nmethod 0x0000022bb1093090
Event: 27.126 Thread 0x0000022bad44eb40 flushing  nmethod 0x0000022bb10c6f10

Events (20 events):
Event: 36.486 Thread 0x0000022c09a399d0 Thread exited: 0x0000022c09a399d0
Event: 36.500 Thread 0x0000022bc1fbff50 Thread added: 0x0000022c09a399d0
Event: 36.720 Thread 0x0000022c0964f4e0 Thread added: 0x0000022c09650890
Event: 36.724 Thread 0x0000022c0b4115b0 Thread added: 0x0000022c09650f20
Event: 36.726 Thread 0x0000022c0b4115b0 Thread added: 0x0000022c09651c40
Event: 36.726 Thread 0x0000022c0b4115b0 Thread added: 0x0000022c09652960
Event: 36.735 Thread 0x0000022c09652960 Thread added: 0x0000022c096515b0
Event: 36.751 Thread 0x0000022c0964f4e0 Thread added: 0x0000022c09652ff0
Event: 36.797 Thread 0x0000022c09652ff0 Thread added: 0x0000022c096522d0
Event: 37.118 Thread 0x0000022bc1fe66d0 Thread added: 0x0000022c0d048070
Event: 37.462 Thread 0x0000022c096522d0 Thread exited: 0x0000022c096522d0
Event: 37.789 Thread 0x0000022c09650f20 Thread added: 0x0000022c096522d0
Event: 42.710 Thread 0x0000022c0d048070 Thread exited: 0x0000022c0d048070
Event: 42.710 Thread 0x0000022c09a399d0 Thread exited: 0x0000022c09a399d0
Event: 43.747 Thread 0x0000022bc1fe66d0 Thread added: 0x0000022c09a399d0
Event: 43.747 Thread 0x0000022bc1fe66d0 Thread added: 0x0000022c0d048070
Event: 44.773 Thread 0x0000022c0d048070 Thread exited: 0x0000022c0d048070
Event: 44.773 Thread 0x0000022c09a399d0 Thread exited: 0x0000022c09a399d0
Event: 44.790 Thread 0x0000022bc1fe66d0 Thread added: 0x0000022c09a399d0
Event: 44.794 Thread 0x0000022bc1fe66d0 Thread added: 0x0000022c0d048070


Dynamic libraries:
0x00007ff7501e0000 - 0x00007ff7501ee000 	c:\Users\mariam\.vscode\extensions\redhat.java-1.40.0-win32-x64\jre\21.0.6-win32-x86_64\bin\java.exe
0x00007ff928f60000 - 0x00007ff9291c3000 	C:\WINDOWS\SYSTEM32\ntdll.dll
0x00007ff927ca0000 - 0x00007ff927d67000 	C:\WINDOWS\System32\KERNEL32.DLL
0x00007ff926730000 - 0x00007ff926af7000 	C:\WINDOWS\System32\KERNELBASE.dll
0x00007ff926520000 - 0x00007ff92666c000 	C:\WINDOWS\System32\ucrtbase.dll
0x00007ff91ce00000 - 0x00007ff91ce18000 	c:\Users\mariam\.vscode\extensions\redhat.java-1.40.0-win32-x64\jre\21.0.6-win32-x86_64\bin\jli.dll
0x00007ff9279a0000 - 0x00007ff927b69000 	C:\WINDOWS\System32\USER32.dll
0x00007ff9262d0000 - 0x00007ff9262f7000 	C:\WINDOWS\System32\win32u.dll
0x00007ff926f50000 - 0x00007ff926f7a000 	C:\WINDOWS\System32\GDI32.dll
0x00007ff926bb0000 - 0x00007ff926cdb000 	C:\WINDOWS\System32\gdi32full.dll
0x00007ff926b00000 - 0x00007ff926ba3000 	C:\WINDOWS\System32\msvcp_win.dll
0x00007ff914da0000 - 0x00007ff914dbe000 	c:\Users\mariam\.vscode\extensions\redhat.java-1.40.0-win32-x64\jre\21.0.6-win32-x86_64\bin\VCRUNTIME140.dll
0x00007ff908ab0000 - 0x00007ff908d40000 	C:\WINDOWS\WinSxS\amd64_microsoft.windows.common-controls_6595b64144ccf1df_6.0.26100.3037_none_3e09262ce333c378\COMCTL32.dll
0x00007ff927b70000 - 0x00007ff927c19000 	C:\WINDOWS\System32\msvcrt.dll
0x00007ff927910000 - 0x00007ff92793f000 	C:\WINDOWS\System32\IMM32.DLL
0x00007ff91e9f0000 - 0x00007ff91e9fc000 	c:\Users\mariam\.vscode\extensions\redhat.java-1.40.0-win32-x64\jre\21.0.6-win32-x86_64\bin\vcruntime140_1.dll
0x00007ff8f1290000 - 0x00007ff8f131d000 	c:\Users\mariam\.vscode\extensions\redhat.java-1.40.0-win32-x64\jre\21.0.6-win32-x86_64\bin\msvcp140.dll
0x00007ff8405d0000 - 0x00007ff841360000 	c:\Users\mariam\.vscode\extensions\redhat.java-1.40.0-win32-x64\jre\21.0.6-win32-x86_64\bin\server\jvm.dll
0x00007ff9281b0000 - 0x00007ff928264000 	C:\WINDOWS\System32\ADVAPI32.dll
0x00007ff9270a0000 - 0x00007ff927146000 	C:\WINDOWS\System32\sechost.dll
0x00007ff928270000 - 0x00007ff928386000 	C:\WINDOWS\System32\RPCRT4.dll
0x00007ff926f90000 - 0x00007ff927004000 	C:\WINDOWS\System32\WS2_32.dll
0x00007ff924f70000 - 0x00007ff924fbe000 	C:\WINDOWS\SYSTEM32\POWRPROF.dll
0x00007ff91a500000 - 0x00007ff91a536000 	C:\WINDOWS\SYSTEM32\WINMM.dll
0x00007ff914cb0000 - 0x00007ff914cbb000 	C:\WINDOWS\SYSTEM32\VERSION.dll
0x00007ff924f50000 - 0x00007ff924f64000 	C:\WINDOWS\SYSTEM32\UMPDC.dll
0x00007ff925210000 - 0x00007ff92522a000 	C:\WINDOWS\SYSTEM32\kernel.appcore.dll
0x00007ff91e1b0000 - 0x00007ff91e1ba000 	c:\Users\mariam\.vscode\extensions\redhat.java-1.40.0-win32-x64\jre\21.0.6-win32-x86_64\bin\jimage.dll
0x00007ff923c90000 - 0x00007ff923ed1000 	C:\WINDOWS\SYSTEM32\DBGHELP.DLL
0x00007ff928b60000 - 0x00007ff928ede000 	C:\WINDOWS\System32\combase.dll
0x00007ff926d70000 - 0x00007ff926e46000 	C:\WINDOWS\System32\OLEAUT32.dll
0x00007ff909910000 - 0x00007ff909949000 	C:\WINDOWS\SYSTEM32\dbgcore.DLL
0x00007ff926300000 - 0x00007ff926399000 	C:\WINDOWS\System32\bcryptPrimitives.dll
0x00007ff913e90000 - 0x00007ff913e9f000 	c:\Users\mariam\.vscode\extensions\redhat.java-1.40.0-win32-x64\jre\21.0.6-win32-x86_64\bin\instrument.dll
0x00007ff90dfd0000 - 0x00007ff90dfef000 	c:\Users\mariam\.vscode\extensions\redhat.java-1.40.0-win32-x64\jre\21.0.6-win32-x86_64\bin\java.dll
0x00007ff927200000 - 0x00007ff927904000 	C:\WINDOWS\System32\SHELL32.dll
0x00007ff923fc0000 - 0x00007ff9247f7000 	C:\WINDOWS\SYSTEM32\windows.storage.dll
0x00007ff926e50000 - 0x00007ff926f39000 	C:\WINDOWS\System32\SHCORE.dll
0x00007ff927c20000 - 0x00007ff927c7d000 	C:\WINDOWS\System32\shlwapi.dll
0x00007ff9261e0000 - 0x00007ff92620e000 	C:\WINDOWS\SYSTEM32\profapi.dll
0x00007ff90a7b0000 - 0x00007ff90a7c8000 	c:\Users\mariam\.vscode\extensions\redhat.java-1.40.0-win32-x64\jre\21.0.6-win32-x86_64\bin\zip.dll
0x00007ff913e80000 - 0x00007ff913e90000 	C:\Users\mariam\.vscode\extensions\redhat.java-1.40.0-win32-x64\jre\21.0.6-win32-x86_64\bin\net.dll
0x00007ff919e90000 - 0x00007ff919fae000 	C:\WINDOWS\SYSTEM32\WINHTTP.dll
0x00007ff925720000 - 0x00007ff92578a000 	C:\WINDOWS\system32\mswsock.dll
0x00007ff9085c0000 - 0x00007ff9085d6000 	C:\Users\mariam\.vscode\extensions\redhat.java-1.40.0-win32-x64\jre\21.0.6-win32-x86_64\bin\nio.dll
0x00007ff9085b0000 - 0x00007ff9085c0000 	c:\Users\mariam\.vscode\extensions\redhat.java-1.40.0-win32-x64\jre\21.0.6-win32-x86_64\bin\verify.dll
0x00007ff8f1080000 - 0x00007ff8f10c5000 	C:\Users\mariam\AppData\Roaming\Code\User\globalStorage\redhat.java\1.40.0\config_win\org.eclipse.equinox.launcher\org.eclipse.equinox.launcher.win32.win32.x86_64_1.2.1200.v20250212-0927\eclipse_11909.dll
0x00007ff928850000 - 0x00007ff9289e5000 	C:\WINDOWS\System32\ole32.dll
0x00007ff9259c0000 - 0x00007ff9259dc000 	C:\WINDOWS\SYSTEM32\CRYPTSP.dll
0x00007ff925170000 - 0x00007ff9251a8000 	C:\WINDOWS\system32\rsaenh.dll
0x00007ff9257c0000 - 0x00007ff9257eb000 	C:\WINDOWS\SYSTEM32\USERENV.dll
0x00007ff925c00000 - 0x00007ff925c26000 	C:\WINDOWS\SYSTEM32\bcrypt.dll
0x00007ff9259e0000 - 0x00007ff9259ec000 	C:\WINDOWS\SYSTEM32\CRYPTBASE.dll
0x00007ff924b90000 - 0x00007ff924bc2000 	C:\WINDOWS\SYSTEM32\IPHLPAPI.DLL
0x00007ff926f40000 - 0x00007ff926f4a000 	C:\WINDOWS\System32\NSI.dll
0x00007ff8f0f00000 - 0x00007ff8f0f49000 	C:\Users\mariam\AppData\Local\Temp\jna--1081308105\jna5422280445235628542.dll
0x00007ff9289f0000 - 0x00007ff9289f8000 	C:\WINDOWS\System32\PSAPI.DLL
0x00007ff91be30000 - 0x00007ff91be4f000 	C:\WINDOWS\SYSTEM32\dhcpcsvc6.DLL
0x00007ff91be00000 - 0x00007ff91be25000 	C:\WINDOWS\SYSTEM32\dhcpcsvc.DLL

dbghelp: loaded successfully - version: 4.0.5 - missing functions: none
symbol engine: initialized successfully - sym options: 0x614 - pdb path: .;c:\Users\mariam\.vscode\extensions\redhat.java-1.40.0-win32-x64\jre\21.0.6-win32-x86_64\bin;C:\WINDOWS\SYSTEM32;C:\WINDOWS\WinSxS\amd64_microsoft.windows.common-controls_6595b64144ccf1df_6.0.26100.3037_none_3e09262ce333c378;c:\Users\mariam\.vscode\extensions\redhat.java-1.40.0-win32-x64\jre\21.0.6-win32-x86_64\bin\server;C:\Users\mariam\AppData\Roaming\Code\User\globalStorage\redhat.java\1.40.0\config_win\org.eclipse.equinox.launcher\org.eclipse.equinox.launcher.win32.win32.x86_64_1.2.1200.v20250212-0927;C:\Users\mariam\AppData\Local\Temp\jna--1081308105

VM Arguments:
jvm_args: --add-modules=ALL-SYSTEM --add-opens=java.base/java.util=ALL-UNNAMED --add-opens=java.base/java.lang=ALL-UNNAMED --add-opens=java.base/sun.nio.fs=ALL-UNNAMED -Declipse.application=org.eclipse.jdt.ls.core.id1 -Dosgi.bundles.defaultStartLevel=4 -Declipse.product=org.eclipse.jdt.ls.core.product -Djava.import.generatesMetadataFilesAtProjectRoot=false -DDetectVMInstallationsJob.disabled=true -Dfile.encoding=utf8 -XX:+UseParallelGC -XX:GCTimeRatio=4 -XX:AdaptiveSizePolicyWeight=90 -Dsun.zip.disableMemoryMapping=true -Xmx1G -Xms100m -Xlog:disable -javaagent:c:\Users\mariam\.vscode\extensions\redhat.java-1.40.0-win32-x64\lombok\lombok-1.18.36.jar -XX:+HeapDumpOnOutOfMemoryError -XX:HeapDumpPath=c:\Users\mariam\AppData\Roaming\Code\User\workspaceStorage\be01a7a935b460f74aff7d5ae9d124ac\redhat.java -Daether.dependencyCollector.impl=bf 
java_command: c:\Users\mariam\.vscode\extensions\redhat.java-1.40.0-win32-x64\server\plugins\org.eclipse.equinox.launcher_1.6.1000.v20250131-0606.jar -configuration c:\Users\mariam\AppData\Roaming\Code\User\globalStorage\redhat.java\1.40.0\config_win -data c:\Users\mariam\AppData\Roaming\Code\User\workspaceStorage\be01a7a935b460f74aff7d5ae9d124ac\redhat.java\jdt_ws --pipe=\\.\pipe\lsp-b638471dee04b3e6277536f0c58cbbb2-sock
java_class_path (initial): c:\Users\mariam\.vscode\extensions\redhat.java-1.40.0-win32-x64\server\plugins\org.eclipse.equinox.launcher_1.6.1000.v20250131-0606.jar
Launcher Type: SUN_STANDARD

[Global flags]
    uintx AdaptiveSizePolicyWeight                 = 90                                        {product} {command line}
     intx CICompilerCount                          = 4                                         {product} {ergonomic}
    uintx GCTimeRatio                              = 4                                         {product} {command line}
     bool HeapDumpOnOutOfMemoryError               = true                                   {manageable} {command line}
    ccstr HeapDumpPath                             = c:\Users\mariam\AppData\Roaming\Code\User\workspaceStorage\be01a7a935b460f74aff7d5ae9d124ac\redhat.java         {manageable} {command line}
   size_t InitialHeapSize                          = 104857600                                 {product} {command line}
   size_t MaxHeapSize                              = 1073741824                                {product} {command line}
   size_t MaxNewSize                               = 357564416                                 {product} {ergonomic}
   size_t MinHeapDeltaBytes                        = 524288                                    {product} {ergonomic}
   size_t MinHeapSize                              = 104857600                                 {product} {command line}
   size_t NewSize                                  = 34603008                                  {product} {ergonomic}
    uintx NonNMethodCodeHeapSize                   = 5839372                                {pd product} {ergonomic}
    uintx NonProfiledCodeHeapSize                  = 122909434                              {pd product} {ergonomic}
   size_t OldSize                                  = 70254592                                  {product} {ergonomic}
    uintx ProfiledCodeHeapSize                     = 122909434                              {pd product} {ergonomic}
    uintx ReservedCodeCacheSize                    = 251658240                              {pd product} {ergonomic}
     bool SegmentedCodeCache                       = true                                      {product} {ergonomic}
   size_t SoftMaxHeapSize                          = 1073741824                             {manageable} {ergonomic}
     bool UseCompressedOops                        = true                           {product lp64_product} {ergonomic}
     bool UseLargePagesIndividualAllocation        = false                                  {pd product} {ergonomic}
     bool UseParallelGC                            = true                                      {product} {command line}

Logging:
Log output configuration:
 #0: stdout all=off uptime,level,tags foldmultilines=false
 #1: stderr all=off uptime,level,tags foldmultilines=false

Environment Variables:
JAVA_HOME=C:\Program Files\Microsoft\jdk-11.0.16.101-hotspot
PATH=C:\Program Files (x86)\VMware\VMware Workstation\bin\;C:\Program Files\Common Files\Oracle\Java\javapath;C:\Program Files\Microsoft SDKs\Azure\CLI2\wbin;C:\Program Files\Microsoft\jdk-11.0.16.101-hotspot\bin;C:\Program Files\Python311\Scripts\;C:\Program Files\Python311\;C:\Windows\system32;C:\Windows;C:\Windows\System32\Wbem;C:\Windows\System32\WindowsPowerShell\v1.0\;C:\Windows\System32\OpenSSH\;C:\Program Files (x86)\NVIDIA Corporation\PhysX\Common;C:\Program Files\NVIDIA Corporation\NVIDIA NvDLISR;C:\Users\mariam\Downloads;C:\Users\mariam\Downloads\scripts\;C:\WINDOWS\system32;C:\WINDOWS;C:\WINDOWS\System32\Wbem;C:\WINDOWS\System32\WindowsPowerShell\v1.0\;C:\WINDOWS\System32\OpenSSH\;C:\msys64\mingw64\bin.;C:\msys64\mingw64\bin;C:\Program Files\nodejs\;C:\ProgramData\chocolatey\bin;C:\Program Files (x86)\Microsoft SQL Server\160\DTS\Binn\;C:\Program Files\Azure Data Studio\bin;C:\Program Files\Microsoft SQL Server\150\Tools\Binn\;C:\Program Files\Microsoft SQL Server\Client SDK\ODBC\170\Tools\Binn\;C:\Program Files (x86)\Microsoft SQL Server\160\Tools\Binn\;C:\Program Files\Microsoft SQL Server\160\Tools\Binn\;C:\Program Files\Microsoft SQL Server\160\DTS\Binn\;C:\Program Files\Git\cmd;C:\Program Files\Docker\Docker\resources\bin;C:\Program Files\dotnet\;C:\Users\mariam\AppData\Local\Microsoft\WindowsApps;C:\Program Files\JetBrains\PyCharm Edu 222.4167.41\bin;;C:\Users\mariam\Downloads;C:\Users\mariam\Downloads\scripts\;C:\Users\mariam\AppData\Local\Programs\Microsoft VS Code\bin;C:\msys64\mingw64\bin;C:\Users\mariam\AppData\Roaming\npm;C:\Program Files\Azure Data Studio\bin;C:\Users\mariam\.dotnet\tools;C:\Users\mariam\Downloads\platform-tools-latest-windows;
USERNAME=mariam
OS=Windows_NT
PROCESSOR_IDENTIFIER=Intel64 Family 6 Model 140 Stepping 1, GenuineIntel
TMP=C:\Users\mariam\AppData\Local\Temp
TEMP=C:\Users\mariam\AppData\Local\Temp




Periodic native trim disabled

---------------  S Y S T E M  ---------------

OS:
 Windows 11 , 64 bit Build 26100 (10.0.26100.3037)
OS uptime: 2 days 23:39 hours
Hyper-V role detected

CPU: total 8 (initial active 8) (4 cores per cpu, 2 threads per core) family 6 model 140 stepping 1 microcode 0x86, cx8, cmov, fxsr, ht, mmx, 3dnowpref, sse, sse2, sse3, ssse3, sse4.1, sse4.2, popcnt, lzcnt, tsc, tscinvbit, avx, avx2, aes, erms, clmul, bmi1, bmi2, adx, avx512f, avx512dq, avx512cd, avx512bw, avx512vl, sha, fma, vzeroupper, avx512_vpopcntdq, avx512_vpclmulqdq, avx512_vaes, avx512_vnni, clflush, clflushopt, clwb, avx512_vbmi2, avx512_vbmi, hv, rdtscp, rdpid, fsrm, gfni, avx512_bitalg, f16c, cet_ibt, cet_ss, avx512_ifma
Processor Information for processor 0
  Max Mhz: 3302, Current Mhz: 3302, Mhz Limit: 3302
Processor Information for processor 1
  Max Mhz: 3302, Current Mhz: 3302, Mhz Limit: 3302
Processor Information for processor 2
  Max Mhz: 3302, Current Mhz: 3302, Mhz Limit: 3302
Processor Information for processor 3
  Max Mhz: 3302, Current Mhz: 1000, Mhz Limit: 3302
Processor Information for processor 4
  Max Mhz: 3302, Current Mhz: 3302, Mhz Limit: 3302
Processor Information for processor 5
  Max Mhz: 3302, Current Mhz: 3302, Mhz Limit: 3302
Processor Information for processor 6
  Max Mhz: 3302, Current Mhz: 3302, Mhz Limit: 3302
Processor Information for processor 7
  Max Mhz: 3302, Current Mhz: 1000, Mhz Limit: 3302

Memory: 4k page, system-wide physical 16075M (1137M free)
TotalPageFile size 24267M (AvailPageFile size 1M)
current process WorkingSet (physical memory assigned to process): 890M, peak: 900M
current process commit charge ("private bytes"): 795M, peak: 803M

vm_info: OpenJDK 64-Bit Server VM (21.0.6+7-LTS) for windows-amd64 JRE (21.0.6+7-LTS), built on 2025-01-21T00:00:00Z by "admin" with MS VC++ 17.7 (VS2022)

END.
