#
# There is insufficient memory for the Java Runtime Environment to continue.
# Native memory allocation (mmap) failed to map 264241152 bytes for Failed to commit area from 0x0000000704c00000 to 0x0000000714800000 of length 264241152.
# Possible reasons:
#   The system is out of physical RAM or swap space
#   The process is running with CompressedOops enabled, and the Java Heap may be blocking the growth of the native heap
# Possible solutions:
#   Reduce memory load on the system
#   Increase physical memory or swap space
#   Check if swap backing store is full
#   Decrease Java heap size (-Xmx/-Xms)
#   Decrease number of Java threads
#   Decrease Java thread stack sizes (-Xss)
#   Set larger code cache with -XX:ReservedCodeCacheSize=
# This output file may be truncated or incomplete.
#
#  Out of Memory Error (./src/hotspot/os/windows/os_windows.cpp:3386), pid=23796, tid=4928
#
# JRE version:  (11.0.16.1+1) (build )
# Java VM: OpenJDK 64-Bit Server VM (11.0.16.1+1-LTS, mixed mode, sharing, tiered, compressed oops, g1 gc, windows-amd64)
# No core dump will be written. Minidumps are not enabled by default on client versions of Windows
#

---------------  S U M M A R Y ------------

Command Line: App

Host: 11th Gen Intel(R) Core(TM) i7-11370H @ 3.30GHz, 8 cores, 15G,  Windows 11 , 64 bit Build 26100 (10.0.26100.3037)
Time: Sat Mar  8 17:11:41 2025 Egypt Standard Time elapsed time: 1.936132 seconds (0d 0h 0m 1s)

---------------  T H R E A D  ---------------

Current thread (0x0000025f9204e000):  JavaThread "Unknown thread" [_thread_in_vm, id=4928, stack(0x000000dcf2c00000,0x000000dcf2d00000)]

Stack: [0x000000dcf2c00000,0x000000dcf2d00000]
Native frames: (J=compiled Java code, j=interpreted, Vv=VM code, C=native code)
V  [jvm.dll+0x62652a]
V  [jvm.dll+0x7b3249]
V  [jvm.dll+0x7b4938]
V  [jvm.dll+0x7b5013]
V  [jvm.dll+0x24fca8]
V  [jvm.dll+0x62383a]
V  [jvm.dll+0x617fe5]
V  [jvm.dll+0x307bac]
V  [jvm.dll+0x307a32]
V  [jvm.dll+0x30c746]
V  [jvm.dll+0x352b9f]
V  [jvm.dll+0x3525d0]
V  [jvm.dll+0x2e4ba8]
V  [jvm.dll+0x2e5d06]
V  [jvm.dll+0x78d097]
V  [jvm.dll+0x78e81f]
V  [jvm.dll+0x35f8e9]
V  [jvm.dll+0x770000]
V  [jvm.dll+0x3cd40f]
V  [jvm.dll+0x3cf7a1]
C  [jli.dll+0x5207]
C  [ucrtbase.dll+0x37b0]
C  [KERNEL32.DLL+0x2e8d7]
C  [ntdll.dll+0xbbf2c]


---------------  P R O C E S S  ---------------

Threads class SMR info:
_java_thread_list=0x0000025f907094f0, length=0, elements={
}

Java Threads: ( => current thread )

Other Threads:
  0x0000025f92064800 GCTaskThread "GC Thread#0" [stack: 0x000000dcf2d00000,0x000000dcf2e00000] [id=26256]
  0x0000025f920c4800 ConcurrentGCThread "G1 Main Marker" [stack: 0x000000dcf2e00000,0x000000dcf2f00000] [id=25096]
  0x0000025f920c6800 ConcurrentGCThread "G1 Conc#0" [stack: 0x000000dcf2f00000,0x000000dcf3000000] [id=24380]

[error occurred during error reporting (printing all threads), id 0xc0000005, EXCEPTION_ACCESS_VIOLATION (0xc0000005) at pc=0x00007ff854394377]

VM state:not at safepoint (not fully initialized)

VM Mutex/Monitor currently owned by a thread:  ([mutex/lock_event])
[0x0000025f9204a7c0] Heap_lock - owner thread: 0x0000025f9204e000

Heap address: 0x0000000704c00000, size: 4020 MB, Compressed Oops mode: Non-zero based: 0x0000000704c00000
Narrow klass base: 0x0000000000000000, Narrow klass shift: 0

GC Heap History (0 events):
No events

Deoptimization events (0 events):
No events

Classes redefined (0 events):
No events

Internal exceptions (0 events):
No events

Events (1 events):
Event: 0.011 Loaded shared library C:\Program Files\Microsoft\jdk-11.0.16.101-hotspot\bin\zip.dll


Dynamic libraries:
0x00007ff780b40000 - 0x00007ff780b4d000 	C:\Program Files\Microsoft\jdk-11.0.16.101-hotspot\bin\java.exe
0x00007ff928f60000 - 0x00007ff9291c3000 	C:\WINDOWS\SYSTEM32\ntdll.dll
0x00007ff927ca0000 - 0x00007ff927d67000 	C:\WINDOWS\System32\KERNEL32.DLL
0x00007ff926730000 - 0x00007ff926af7000 	C:\WINDOWS\System32\KERNELBASE.dll
0x00007ff926520000 - 0x00007ff92666c000 	C:\WINDOWS\System32\ucrtbase.dll
0x00007ff91e930000 - 0x00007ff91e947000 	C:\Program Files\Microsoft\jdk-11.0.16.101-hotspot\bin\jli.dll
0x00007ff914da0000 - 0x00007ff914db5000 	C:\Program Files\Microsoft\jdk-11.0.16.101-hotspot\bin\VCRUNTIME140.dll
0x00007ff9279a0000 - 0x00007ff927b69000 	C:\WINDOWS\System32\USER32.dll
0x00007ff908ab0000 - 0x00007ff908d40000 	C:\WINDOWS\WinSxS\amd64_microsoft.windows.common-controls_6595b64144ccf1df_6.0.26100.3037_none_3e09262ce333c378\COMCTL32.dll
0x00007ff927b70000 - 0x00007ff927c19000 	C:\WINDOWS\System32\msvcrt.dll
0x00007ff9262d0000 - 0x00007ff9262f7000 	C:\WINDOWS\System32\win32u.dll
0x00007ff926f50000 - 0x00007ff926f7a000 	C:\WINDOWS\System32\GDI32.dll
0x00007ff926bb0000 - 0x00007ff926cdb000 	C:\WINDOWS\System32\gdi32full.dll
0x00007ff926b00000 - 0x00007ff926ba3000 	C:\WINDOWS\System32\msvcp_win.dll
0x00007ff927910000 - 0x00007ff92793f000 	C:\WINDOWS\System32\IMM32.DLL
0x00007ff8d9b20000 - 0x00007ff8d9bbb000 	C:\Program Files\Microsoft\jdk-11.0.16.101-hotspot\bin\msvcp140.dll
0x00007ff8540a0000 - 0x00007ff854c2a000 	C:\Program Files\Microsoft\jdk-11.0.16.101-hotspot\bin\server\jvm.dll
0x00007ff9281b0000 - 0x00007ff928264000 	C:\WINDOWS\System32\ADVAPI32.dll
0x00007ff9270a0000 - 0x00007ff927146000 	C:\WINDOWS\System32\sechost.dll
0x00007ff928270000 - 0x00007ff928386000 	C:\WINDOWS\System32\RPCRT4.dll
0x00007ff9289f0000 - 0x00007ff9289f8000 	C:\WINDOWS\System32\PSAPI.DLL
0x00007ff91a500000 - 0x00007ff91a536000 	C:\WINDOWS\SYSTEM32\WINMM.dll
0x00007ff9027e0000 - 0x00007ff9027ea000 	C:\WINDOWS\SYSTEM32\WSOCK32.dll
0x00007ff914cb0000 - 0x00007ff914cbb000 	C:\WINDOWS\SYSTEM32\VERSION.dll
0x00007ff926f90000 - 0x00007ff927004000 	C:\WINDOWS\System32\WS2_32.dll
0x00007ff925210000 - 0x00007ff92522a000 	C:\WINDOWS\SYSTEM32\kernel.appcore.dll
0x00007ff91e1b0000 - 0x00007ff91e1c0000 	C:\Program Files\Microsoft\jdk-11.0.16.101-hotspot\bin\verify.dll
0x00007ff923c90000 - 0x00007ff923ed1000 	C:\WINDOWS\SYSTEM32\DBGHELP.DLL
0x00007ff928b60000 - 0x00007ff928ede000 	C:\WINDOWS\System32\combase.dll
0x00007ff926d70000 - 0x00007ff926e46000 	C:\WINDOWS\System32\OLEAUT32.dll
0x00007ff909910000 - 0x00007ff909949000 	C:\WINDOWS\SYSTEM32\dbgcore.DLL
0x00007ff926300000 - 0x00007ff926399000 	C:\WINDOWS\System32\bcryptPrimitives.dll
0x00007ff90ad10000 - 0x00007ff90ad38000 	C:\Program Files\Microsoft\jdk-11.0.16.101-hotspot\bin\java.dll
0x00007ff914b80000 - 0x00007ff914b8a000 	C:\Program Files\Microsoft\jdk-11.0.16.101-hotspot\bin\jimage.dll
0x00007ff913e80000 - 0x00007ff913e98000 	C:\Program Files\Microsoft\jdk-11.0.16.101-hotspot\bin\zip.dll

dbghelp: loaded successfully - version: 4.0.5 - missing functions: none
symbol engine: initialized successfully - sym options: 0x614 - pdb path: .;C:\Program Files\Microsoft\jdk-11.0.16.101-hotspot\bin;C:\WINDOWS\SYSTEM32;C:\WINDOWS\WinSxS\amd64_microsoft.windows.common-controls_6595b64144ccf1df_6.0.26100.3037_none_3e09262ce333c378;C:\Program Files\Microsoft\jdk-11.0.16.101-hotspot\bin\server

VM Arguments:
java_command: App
java_class_path (initial): C:\Users\mariam\OneDrive\Desktop\vs code\Java\assi_3\bin
Launcher Type: SUN_STANDARD

[Global flags]
     intx CICompilerCount                          = 4                                         {product} {ergonomic}
     uint ConcGCThreads                            = 2                                         {product} {ergonomic}
     uint G1ConcRefinementThreads                  = 8                                         {product} {ergonomic}
   size_t G1HeapRegionSize                         = 1048576                                   {product} {ergonomic}
    uintx GCDrainStackTargetSize                   = 64                                        {product} {ergonomic}
   size_t InitialHeapSize                          = 264241152                                 {product} {ergonomic}
   size_t MarkStackSize                            = 4194304                                   {product} {ergonomic}
   size_t MaxHeapSize                              = 4215275520                                {product} {ergonomic}
   size_t MinHeapDeltaBytes                        = 1048576                                   {product} {ergonomic}
    uintx NonNMethodCodeHeapSize                   = 5836300                                {pd product} {ergonomic}
    uintx NonProfiledCodeHeapSize                  = 122910970                              {pd product} {ergonomic}
    uintx ProfiledCodeHeapSize                     = 122910970                              {pd product} {ergonomic}
    uintx ReservedCodeCacheSize                    = 251658240                              {pd product} {ergonomic}
     bool SegmentedCodeCache                       = true                                      {product} {ergonomic}
     bool UseCompressedClassPointers               = true                                 {lp64_product} {ergonomic}
     bool UseCompressedOops                        = true                                 {lp64_product} {ergonomic}
     bool UseG1GC                                  = true                                      {product} {ergonomic}
     bool UseLargePagesIndividualAllocation        = false                                  {pd product} {ergonomic}

Logging:
Log output configuration:
 #0: stdout all=warning uptime,level,tags
 #1: stderr all=off uptime,level,tags

Environment Variables:
JAVA_HOME=C:\Program Files\Microsoft\jdk-11.0.16.101-hotspot
PATH=C:\Program Files\Google\Chrome\Application;C:\Program Files (x86)\VMware\VMware Workstation\bin\;C:\Program Files\Common Files\Oracle\Java\javapath;C:\Program Files\Microsoft SDKs\Azure\CLI2\wbin;C:\Program Files\Microsoft\jdk-11.0.16.101-hotspot\bin;C:\Program Files\Python311\Scripts\;C:\Program Files\Python311\;C:\Windows\system32;C:\Windows;C:\Windows\System32\Wbem;C:\Windows\System32\WindowsPowerShell\v1.0\;C:\Windows\System32\OpenSSH\;C:\Program Files (x86)\NVIDIA Corporation\PhysX\Common;C:\Program Files\NVIDIA Corporation\NVIDIA NvDLISR;C:\Users\mariam\Downloads;C:\Users\mariam\Downloads\scripts\;C:\WINDOWS\system32;C:\WINDOWS;C:\WINDOWS\System32\Wbem;C:\WINDOWS\System32\WindowsPowerShell\v1.0\;C:\WINDOWS\System32\OpenSSH\;C:\msys64\mingw64\bin.;C:\msys64\mingw64\bin;C:\Program Files\nodejs\;C:\ProgramData\chocolatey\bin;C:\Program Files (x86)\Microsoft SQL Server\160\DTS\Binn\;C:\Program Files\Azure Data Studio\bin;C:\Program Files\Microsoft SQL Server\150\Tools\Binn\;C:\Program Files\Microsoft SQL Server\Client SDK\ODBC\170\Tools\Binn\;C:\Program Files (x86)\Microsoft SQL Server\160\Tools\Binn\;C:\Program Files\Microsoft SQL Server\160\Tools\Binn\;C:\Program Files\Microsoft SQL Server\160\DTS\Binn\;C:\Program Files\Git\cmd;C:\Program Files\Docker\Docker\resources\bin;C:\Program Files\dotnet\;C:\Users\mariam\AppData\Local\Microsoft\WindowsApps;C:\Program Files\JetBrains\PyCharm Edu 222.4167.41\bin;;C:\Users\mariam\Downloads;C:\Users\mariam\Downloads\scripts\;C:\Users\mariam\AppData\Local\Programs\Microsoft VS Code\bin;C:\msys64\mingw64\bin;C:\Users\mariam\AppData\Roaming\npm;C:\Program Files\Azure Data Studio\bin;C:\Users\mariam\.dotnet\tools;C:\Users\mariam\Downloads\platform-tools-latest-windows;
USERNAME=mariam
LANG=en_US.UTF-8
OS=Windows_NT
PROCESSOR_IDENTIFIER=Intel64 Family 6 Model 140 Stepping 1, GenuineIntel
TMP=C:\Users\mariam\AppData\Local\Temp
TEMP=C:\Users\mariam\AppData\Local\Temp



---------------  S Y S T E M  ---------------

OS: Windows 11 , 64 bit Build 26100 (10.0.26100.3037)
OS uptime: 2 days 3:30 hours
Hyper-V role detected

CPU:total 8 (initial active 8) (4 cores per cpu, 2 threads per core) family 6 model 140 stepping 1 microcode 0x86, cmov, cx8, fxsr, mmx, sse, sse2, sse3, ssse3, sse4.1, sse4.2, popcnt, avx, avx2, aes, clmul, erms, 3dnowpref, lzcnt, ht, tsc, tscinvbit, bmi1, bmi2, adx, evex, sha, fma

Memory: 4k page, system-wide physical 16075M (642M free)
TotalPageFile size 24267M (AvailPageFile size 36M)
current process WorkingSet (physical memory assigned to process): 12M, peak: 12M
current process commit charge ("private bytes"): 61M, peak: 313M

vm_info: OpenJDK 64-Bit Server VM (11.0.16.1+1-LTS) for windows-amd64 JRE (11.0.16.1+1-LTS), built on Aug 20 2022 20:09:04 by "" with MS VC++ 15.9 (VS2017)

END.
